[15/11/2023, 5:32:15 pm] POST /user/login
[15/11/2023, 5:32:44 pm] POST /books/
[15/11/2023, 5:38:41 pm] POST /books/
[15/11/2023, 5:48:36 pm] POST /user/register
[15/11/2023, 5:48:43 pm] POST /user/signup
[15/11/2023, 5:48:56 pm] POST /user/signup
[15/11/2023, 5:49:20 pm] POST /user/signup
[15/11/2023, 5:50:07 pm] POST /user/signup
[15/11/2023, 5:50:38 pm] POST /user/signup
[15/11/2023, 5:50:49 pm] POST /user/login
[15/11/2023, 5:51:30 pm] POST /books
[15/11/2023, 6:20:13 pm] GET /books
[15/11/2023, 6:28:48 pm] GET /books
[15/11/2023, 6:29:17 pm] GET /books
[15/11/2023, 6:33:16 pm] POST /user/login
[15/11/2023, 6:33:38 pm] GET /books
[15/11/2023, 6:34:05 pm] GET /books?old=1
[15/11/2023, 6:34:10 pm] GET /books?new=1
[15/11/2023, 6:38:50 pm] GET /
[15/11/2023, 6:39:02 pm] GET /
[15/11/2023, 6:39:02 pm] GET /favicon.ico
[15/11/2023, 6:39:17 pm] GET /
[15/11/2023, 6:39:18 pm] GET /favicon.ico
